ERROR 2026-01-16 16:01:46 payment 17872 1760 ERROR AL CREAR ORDEN EN CONEKTA:
ERROR 2026-01-16 16:01:46 payment 17872 1760   - HTTP Status: 200
ERROR 2026-01-16 16:01:46 payment 17872 1760   - Response: {"livemode":false,"amount":1800000,"currency":"MXN","amount_refunded":0,"customer_info":{"email":"jona.emir@hotmail.com","phone":"+5200000000000","name":"jona.emir","object":"customer_info"},"channel":{"segment":"Checkout","checkout_request_id":"357a2788-1180-4ceb-8e04-78b6f344a43d","checkout_request_type":"Integration","id":"channel_2zP2YMWUkYha3TXdw"},"checkout":{"id":"357a2788-1180-4ceb-8e04-78b6f344a43d","name":"ord-2zP2YMWUkYha3TXdv","livemode":false,"emails_sent":0,"success_url":"","failure_url":"","paid_payments_count":0,"sms_sent":0,"status":"Issued","type":"Integration","recurrent":false,"starts_at":1768543200,"expires_at":1768802399,"allowed_payment_methods":["card","cash","bank_transfer"],"exclude_card_networks":[],"needs_shipping_contact":false,"monthly_installments_options":[3,6,9,12],"monthly_installments_enabled":true,"force_3ds_flow":false,"metadata":{},"can_not_expire":false,"object":"checkout","is_redirect_on_failure":false,"on_demand_enabled":false},"object":"order","id":"ord_2zP2YMWUkYha3TXdv","metadata":{"carrito_id":"15","cliente_id":"16","source":"django_ecommerce"},"is_refundable":false,"created_at":1768600907,"updated_at":1768600907,"line_items":{"object":"list","has_more":false,"total":3,"data":[{"name":"Jordan AirDior","description":"Talla: 40, Color: N/A","unit_price":300000,"quantity":2,"sku":"VAR-24","object":"line_item","id":"line_item_2zP2YMWUkYha3TXdt","parent_id":"ord_2zP2YMWUkYha3TXdv","metadata":{},"antifraud_info":{}},{"name":"Jordan AirDior","description":"Talla: 39, Color: N/A","unit_price":300000,"quantity":1,"sku":"VAR-25","object":"line_item","id":"line_item_2zP2YMWUkYha3TXds","parent_id":"ord_2zP2YMWUkYha3TXdv","metadata":{},"antifraud_info":{}},{"name":"Jordan cafes","description":"Talla: 39, Color: N/A","unit_price":300000,"quantity":3,"sku":"VAR-27","object":"line_item","id":"line_item_2zP2YMWUkYha3TXdr","parent_id":"ord_2zP2YMWUkYha3TXdv","metadata":{},"antifraud_info":{}}]}}
ERROR 2026-01-16 16:01:46 payment 17872 1760 ================================================================================

ERROR 2026-01-16 16:42:48 payment 1944 22260 ERROR AL CREAR ORDEN EN CONEKTA:
ERROR 2026-01-16 16:42:48 payment 1944 22260   - HTTP Status: 422
ERROR 2026-01-16 16:42:48 payment 1944 22260   - Response: {"details":[{"debug_message":"The \"shipping_contact attribute address attribute street1\" is missing.","message":"El parametro street1\" es requerido.","param":"shipping_contact.address.street1","code":"conekta.errors.parameter_validation.shipping_contact.address.street1.missing"},{"debug_message":"The \"shipping_contact attribute address attribute postal_code\" is missing.","message":"El parametro postal_code\" es requerido.","param":"shipping_contact.address.postal_code","code":"conekta.errors.parameter_validation.shipping_contact.address.postal_code.missing"},{"debug_message":"The \"shipping_contact attribute address attribute country\" is missing.","message":"El parametro country\" es requerido.","param":"shipping_contact.address.country","code":"conekta.errors.parameter_validation.shipping_contact.address.country.missing"}],"object":"error","type":"parameter_validation_error","log_id":"696abee9b7d59600166569cf"}
ERROR 2026-01-16 16:42:48 payment 1944 22260 ================================================================================

ERROR 2026-01-16 16:42:57 payment 1944 22260 ERROR AL CREAR ORDEN EN CONEKTA:
ERROR 2026-01-16 16:42:57 payment 1944 22260   - HTTP Status: 422
ERROR 2026-01-16 16:42:57 payment 1944 22260   - Response: {"details":[{"debug_message":"The \"shipping_contact attribute address attribute street1\" is missing.","message":"You need to add the param street1\"","param":"shipping_contact.address.street1","code":"conekta.errors.parameter_validation.shipping_contact.address.street1.missing"},{"debug_message":"The \"shipping_contact attribute address attribute postal_code\" is missing.","message":"You need to add the param postal_code\"","param":"shipping_contact.address.postal_code","code":"conekta.errors.parameter_validation.shipping_contact.address.postal_code.missing"},{"debug_message":"The \"shipping_contact attribute address attribute country\" is missing.","message":"You need to add the param country\"","param":"shipping_contact.address.country","code":"conekta.errors.parameter_validation.shipping_contact.address.country.missing"}],"object":"error","type":"parameter_validation_error","log_id":"696abef2799b0e001c2199ff"}
ERROR 2026-01-16 16:42:57 payment 1944 22260 ================================================================================

ERROR 2026-01-16 16:42:57 payment 1944 21300 ERROR AL CREAR ORDEN EN CONEKTA:
ERROR 2026-01-16 16:42:57 payment 1944 21300   - HTTP Status: 422
ERROR 2026-01-16 16:42:57 payment 1944 21300   - Response: {"details":[{"debug_message":"The \"shipping_contact attribute address attribute street1\" is missing.","message":"El parametro street1\" es requerido.","param":"shipping_contact.address.street1","code":"conekta.errors.parameter_validation.shipping_contact.address.street1.missing"},{"debug_message":"The \"shipping_contact attribute address attribute postal_code\" is missing.","message":"El parametro postal_code\" es requerido.","param":"shipping_contact.address.postal_code","code":"conekta.errors.parameter_validation.shipping_contact.address.postal_code.missing"},{"debug_message":"The \"shipping_contact attribute address attribute country\" is missing.","message":"El parametro country\" es requerido.","param":"shipping_contact.address.country","code":"conekta.errors.parameter_validation.shipping_contact.address.country.missing"}],"object":"error","type":"parameter_validation_error","log_id":"696abef2e18dde00175e694f"}
ERROR 2026-01-16 16:42:57 payment 1944 21300 ================================================================================

ERROR 2026-01-16 16:43:25 payment 1944 20800 ERROR AL CREAR ORDEN EN CONEKTA:
ERROR 2026-01-16 16:43:25 payment 1944 20800   - HTTP Status: 422
ERROR 2026-01-16 16:43:25 payment 1944 20800   - Response: {"details":[{"debug_message":"The \"shipping_contact attribute address attribute street1\" is missing.","message":"El parametro street1\" es requerido.","param":"shipping_contact.address.street1","code":"conekta.errors.parameter_validation.shipping_contact.address.street1.missing"},{"debug_message":"The \"shipping_contact attribute address attribute postal_code\" is missing.","message":"El parametro postal_code\" es requerido.","param":"shipping_contact.address.postal_code","code":"conekta.errors.parameter_validation.shipping_contact.address.postal_code.missing"},{"debug_message":"The \"shipping_contact attribute address attribute country\" is missing.","message":"El parametro country\" es requerido.","param":"shipping_contact.address.country","code":"conekta.errors.parameter_validation.shipping_contact.address.country.missing"}],"object":"error","type":"parameter_validation_error","log_id":"696abf0d5e3f460019c325ad"}
ERROR 2026-01-16 16:43:25 payment 1944 20800 ================================================================================

ERROR 2026-01-17 14:56:02 log 396 20092 Internal Server Error: /api/cliente/ordenes/
Traceback (most recent call last):
  File "C:\Users\jonae\AppData\Local\Packages\PythonSoftwareFoundation.Python.3.11_qbz5n2kfra8p0\LocalCache\local-packages\Python311\site-packages\django\core\handlers\exception.py", line 55, in inner
    response = get_response(request)
               ^^^^^^^^^^^^^^^^^^^^^
  File "C:\Users\jonae\AppData\Local\Packages\PythonSoftwareFoundation.Python.3.11_qbz5n2kfra8p0\LocalCache\local-packages\Python311\site-packages\django\core\handlers\base.py", line 197, in _get_response
    response = wrapped_callback(request, *callback_args, **callback_kwargs)
               ^^^^^^^^^^^^^^^^^^^^^^^^^^^^^^^^^^^^^^^^^^^^^^^^^^^^^^^^^^^^
  File "C:\Users\jonae\AppData\Local\Packages\PythonSoftwareFoundation.Python.3.11_qbz5n2kfra8p0\LocalCache\local-packages\Python311\site-packages\django\views\decorators\csrf.py", line 56, in wrapper_view
    return view_func(*args, **kwargs)
           ^^^^^^^^^^^^^^^^^^^^^^^^^^
  File "C:\Users\jonae\AppData\Local\Packages\PythonSoftwareFoundation.Python.3.11_qbz5n2kfra8p0\LocalCache\local-packages\Python311\site-packages\django\views\decorators\http.py", line 43, in inner
    return func(request, *args, **kwargs)
           ^^^^^^^^^^^^^^^^^^^^^^^^^^^^^^
  File "C:\Users\jonae\desktop\N-wH-r-\store\views\orden.py", line 273, in get_ordenes_cliente
    from .decorators import get_user_from_token
ImportError: cannot import name 'get_user_from_token' from 'store.views.decorators' (C:\Users\jonae\desktop\N-wH-r-\store\views\decorators.py)
ERROR 2026-01-17 16:04:01 payment 15088 27516 Error al crear orden local: duplicate key value violates unique constraint "store_orden_carrito_id_key"
DETAIL:  Key (carrito_id)=(15) already exists.

ERROR 2026-01-17 17:46:29 payment 12416 2524 Error al gestionar orden local: null value in column "carrito_id" of relation "store_orden" violates not-null constraint
DETAIL:  Failing row contains (6, 3000.00, pendiente_pago, conekta, 2026-01-13 03:33:01.169626+00, null, 16, null, ord_2zPNt36QVFdGhEZNx).

ERROR 2026-01-17 17:47:51 log 23896 16484 Internal Server Error: /
Traceback (most recent call last):
  File "C:\Users\jonae\AppData\Local\Packages\PythonSoftwareFoundation.Python.3.11_qbz5n2kfra8p0\LocalCache\local-packages\Python311\site-packages\django\db\backends\base\base.py", line 288, in ensure_connection
    self.connect()
  File "C:\Users\jonae\AppData\Local\Packages\PythonSoftwareFoundation.Python.3.11_qbz5n2kfra8p0\LocalCache\local-packages\Python311\site-packages\django\utils\asyncio.py", line 26, in inner
    return func(*args, **kwargs)
           ^^^^^^^^^^^^^^^^^^^^^
  File "C:\Users\jonae\AppData\Local\Packages\PythonSoftwareFoundation.Python.3.11_qbz5n2kfra8p0\LocalCache\local-packages\Python311\site-packages\django\db\backends\base\base.py", line 269, in connect
    self.connection = self.get_new_connection(conn_params)
                      ^^^^^^^^^^^^^^^^^^^^^^^^^^^^^^^^^^^^
  File "C:\Users\jonae\AppData\Local\Packages\PythonSoftwareFoundation.Python.3.11_qbz5n2kfra8p0\LocalCache\local-packages\Python311\site-packages\django\utils\asyncio.py", line 26, in inner
    return func(*args, **kwargs)
           ^^^^^^^^^^^^^^^^^^^^^
  File "C:\Users\jonae\AppData\Local\Packages\PythonSoftwareFoundation.Python.3.11_qbz5n2kfra8p0\LocalCache\local-packages\Python311\site-packages\django\db\backends\postgresql\base.py", line 275, in get_new_connection
    connection = self.Database.connect(**conn_params)
                 ^^^^^^^^^^^^^^^^^^^^^^^^^^^^^^^^^^^^
  File "C:\Users\jonae\AppData\Local\Packages\PythonSoftwareFoundation.Python.3.11_qbz5n2kfra8p0\LocalCache\local-packages\Python311\site-packages\psycopg2\__init__.py", line 122, in connect
    conn = _connect(dsn, connection_factory=connection_factory, **kwasync)
           ^^^^^^^^^^^^^^^^^^^^^^^^^^^^^^^^^^^^^^^^^^^^^^^^^^^^^^^^^^^^^^^
psycopg2.OperationalError: could not translate host name "nowhere-db.ctcywc28slty.us-east-2.rds.amazonaws.com" to address: Host desconocido. 


The above exception was the direct cause of the following exception:

Traceback (most recent call last):
  File "C:\Users\jonae\AppData\Local\Packages\PythonSoftwareFoundation.Python.3.11_qbz5n2kfra8p0\LocalCache\local-packages\Python311\site-packages\django\core\handlers\exception.py", line 55, in inner
    response = get_response(request)
               ^^^^^^^^^^^^^^^^^^^^^
  File "C:\Users\jonae\AppData\Local\Packages\PythonSoftwareFoundation.Python.3.11_qbz5n2kfra8p0\LocalCache\local-packages\Python311\site-packages\django\core\handlers\base.py", line 197, in _get_response
    response = wrapped_callback(request, *callback_args, **callback_kwargs)
               ^^^^^^^^^^^^^^^^^^^^^^^^^^^^^^^^^^^^^^^^^^^^^^^^^^^^^^^^^^^^
  File "C:\Users\jonae\desktop\N-wH-r-\store\views\views.py", line 34, in index
    cab_home  = sample(list(qs_h), min(4, qs_h.count()))
                       ^^^^^^^^^^
  File "C:\Users\jonae\AppData\Local\Packages\PythonSoftwareFoundation.Python.3.11_qbz5n2kfra8p0\LocalCache\local-packages\Python311\site-packages\django\db\models\query.py", line 398, in __iter__
    self._fetch_all()
  File "C:\Users\jonae\AppData\Local\Packages\PythonSoftwareFoundation.Python.3.11_qbz5n2kfra8p0\LocalCache\local-packages\Python311\site-packages\django\db\models\query.py", line 1881, in _fetch_all
    self._result_cache = list(self._iterable_class(self))
                         ^^^^^^^^^^^^^^^^^^^^^^^^^^^^^^^^
  File "C:\Users\jonae\AppData\Local\Packages\PythonSoftwareFoundation.Python.3.11_qbz5n2kfra8p0\LocalCache\local-packages\Python311\site-packages\django\db\models\query.py", line 91, in __iter__
    results = compiler.execute_sql(
              ^^^^^^^^^^^^^^^^^^^^^
  File "C:\Users\jonae\AppData\Local\Packages\PythonSoftwareFoundation.Python.3.11_qbz5n2kfra8p0\LocalCache\local-packages\Python311\site-packages\django\db\models\sql\compiler.py", line 1560, in execute_sql
    cursor = self.connection.cursor()
             ^^^^^^^^^^^^^^^^^^^^^^^^
  File "C:\Users\jonae\AppData\Local\Packages\PythonSoftwareFoundation.Python.3.11_qbz5n2kfra8p0\LocalCache\local-packages\Python311\site-packages\django\utils\asyncio.py", line 26, in inner
    return func(*args, **kwargs)
           ^^^^^^^^^^^^^^^^^^^^^
  File "C:\Users\jonae\AppData\Local\Packages\PythonSoftwareFoundation.Python.3.11_qbz5n2kfra8p0\LocalCache\local-packages\Python311\site-packages\django\db\backends\base\base.py", line 329, in cursor
    return self._cursor()
           ^^^^^^^^^^^^^^
  File "C:\Users\jonae\AppData\Local\Packages\PythonSoftwareFoundation.Python.3.11_qbz5n2kfra8p0\LocalCache\local-packages\Python311\site-packages\django\db\backends\base\base.py", line 305, in _cursor
    self.ensure_connection()
  File "C:\Users\jonae\AppData\Local\Packages\PythonSoftwareFoundation.Python.3.11_qbz5n2kfra8p0\LocalCache\local-packages\Python311\site-packages\django\utils\asyncio.py", line 26, in inner
    return func(*args, **kwargs)
           ^^^^^^^^^^^^^^^^^^^^^
  File "C:\Users\jonae\AppData\Local\Packages\PythonSoftwareFoundation.Python.3.11_qbz5n2kfra8p0\LocalCache\local-packages\Python311\site-packages\django\db\backends\base\base.py", line 287, in ensure_connection
    with self.wrap_database_errors:
  File "C:\Users\jonae\AppData\Local\Packages\PythonSoftwareFoundation.Python.3.11_qbz5n2kfra8p0\LocalCache\local-packages\Python311\site-packages\django\db\utils.py", line 91, in __exit__
    raise dj_exc_value.with_traceback(traceback) from exc_value
  File "C:\Users\jonae\AppData\Local\Packages\PythonSoftwareFoundation.Python.3.11_qbz5n2kfra8p0\LocalCache\local-packages\Python311\site-packages\django\db\backends\base\base.py", line 288, in ensure_connection
    self.connect()
  File "C:\Users\jonae\AppData\Local\Packages\PythonSoftwareFoundation.Python.3.11_qbz5n2kfra8p0\LocalCache\local-packages\Python311\site-packages\django\utils\asyncio.py", line 26, in inner
    return func(*args, **kwargs)
           ^^^^^^^^^^^^^^^^^^^^^
  File "C:\Users\jonae\AppData\Local\Packages\PythonSoftwareFoundation.Python.3.11_qbz5n2kfra8p0\LocalCache\local-packages\Python311\site-packages\django\db\backends\base\base.py", line 269, in connect
    self.connection = self.get_new_connection(conn_params)
                      ^^^^^^^^^^^^^^^^^^^^^^^^^^^^^^^^^^^^
  File "C:\Users\jonae\AppData\Local\Packages\PythonSoftwareFoundation.Python.3.11_qbz5n2kfra8p0\LocalCache\local-packages\Python311\site-packages\django\utils\asyncio.py", line 26, in inner
    return func(*args, **kwargs)
           ^^^^^^^^^^^^^^^^^^^^^
  File "C:\Users\jonae\AppData\Local\Packages\PythonSoftwareFoundation.Python.3.11_qbz5n2kfra8p0\LocalCache\local-packages\Python311\site-packages\django\db\backends\postgresql\base.py", line 275, in get_new_connection
    connection = self.Database.connect(**conn_params)
                 ^^^^^^^^^^^^^^^^^^^^^^^^^^^^^^^^^^^^
  File "C:\Users\jonae\AppData\Local\Packages\PythonSoftwareFoundation.Python.3.11_qbz5n2kfra8p0\LocalCache\local-packages\Python311\site-packages\psycopg2\__init__.py", line 122, in connect
    conn = _connect(dsn, connection_factory=connection_factory, **kwasync)
           ^^^^^^^^^^^^^^^^^^^^^^^^^^^^^^^^^^^^^^^^^^^^^^^^^^^^^^^^^^^^^^^
django.db.utils.OperationalError: could not translate host name "nowhere-db.ctcywc28slty.us-east-2.rds.amazonaws.com" to address: Host desconocido. 

ERROR 2026-01-17 17:47:51 log 23896 776 Internal Server Error: /
Traceback (most recent call last):
  File "C:\Users\jonae\AppData\Local\Packages\PythonSoftwareFoundation.Python.3.11_qbz5n2kfra8p0\LocalCache\local-packages\Python311\site-packages\django\db\backends\base\base.py", line 288, in ensure_connection
    self.connect()
  File "C:\Users\jonae\AppData\Local\Packages\PythonSoftwareFoundation.Python.3.11_qbz5n2kfra8p0\LocalCache\local-packages\Python311\site-packages\django\utils\asyncio.py", line 26, in inner
    return func(*args, **kwargs)
           ^^^^^^^^^^^^^^^^^^^^^
  File "C:\Users\jonae\AppData\Local\Packages\PythonSoftwareFoundation.Python.3.11_qbz5n2kfra8p0\LocalCache\local-packages\Python311\site-packages\django\db\backends\base\base.py", line 269, in connect
    self.connection = self.get_new_connection(conn_params)
                      ^^^^^^^^^^^^^^^^^^^^^^^^^^^^^^^^^^^^
  File "C:\Users\jonae\AppData\Local\Packages\PythonSoftwareFoundation.Python.3.11_qbz5n2kfra8p0\LocalCache\local-packages\Python311\site-packages\django\utils\asyncio.py", line 26, in inner
    return func(*args, **kwargs)
           ^^^^^^^^^^^^^^^^^^^^^
  File "C:\Users\jonae\AppData\Local\Packages\PythonSoftwareFoundation.Python.3.11_qbz5n2kfra8p0\LocalCache\local-packages\Python311\site-packages\django\db\backends\postgresql\base.py", line 275, in get_new_connection
    connection = self.Database.connect(**conn_params)
                 ^^^^^^^^^^^^^^^^^^^^^^^^^^^^^^^^^^^^
  File "C:\Users\jonae\AppData\Local\Packages\PythonSoftwareFoundation.Python.3.11_qbz5n2kfra8p0\LocalCache\local-packages\Python311\site-packages\psycopg2\__init__.py", line 122, in connect
    conn = _connect(dsn, connection_factory=connection_factory, **kwasync)
           ^^^^^^^^^^^^^^^^^^^^^^^^^^^^^^^^^^^^^^^^^^^^^^^^^^^^^^^^^^^^^^^
psycopg2.OperationalError: could not translate host name "nowhere-db.ctcywc28slty.us-east-2.rds.amazonaws.com" to address: Host desconocido. 


The above exception was the direct cause of the following exception:

Traceback (most recent call last):
  File "C:\Users\jonae\AppData\Local\Packages\PythonSoftwareFoundation.Python.3.11_qbz5n2kfra8p0\LocalCache\local-packages\Python311\site-packages\django\core\handlers\exception.py", line 55, in inner
    response = get_response(request)
               ^^^^^^^^^^^^^^^^^^^^^
  File "C:\Users\jonae\AppData\Local\Packages\PythonSoftwareFoundation.Python.3.11_qbz5n2kfra8p0\LocalCache\local-packages\Python311\site-packages\django\core\handlers\base.py", line 197, in _get_response
    response = wrapped_callback(request, *callback_args, **callback_kwargs)
               ^^^^^^^^^^^^^^^^^^^^^^^^^^^^^^^^^^^^^^^^^^^^^^^^^^^^^^^^^^^^
  File "C:\Users\jonae\desktop\N-wH-r-\store\views\views.py", line 34, in index
    cab_home  = sample(list(qs_h), min(4, qs_h.count()))
                       ^^^^^^^^^^
  File "C:\Users\jonae\AppData\Local\Packages\PythonSoftwareFoundation.Python.3.11_qbz5n2kfra8p0\LocalCache\local-packages\Python311\site-packages\django\db\models\query.py", line 398, in __iter__
    self._fetch_all()
  File "C:\Users\jonae\AppData\Local\Packages\PythonSoftwareFoundation.Python.3.11_qbz5n2kfra8p0\LocalCache\local-packages\Python311\site-packages\django\db\models\query.py", line 1881, in _fetch_all
    self._result_cache = list(self._iterable_class(self))
                         ^^^^^^^^^^^^^^^^^^^^^^^^^^^^^^^^
  File "C:\Users\jonae\AppData\Local\Packages\PythonSoftwareFoundation.Python.3.11_qbz5n2kfra8p0\LocalCache\local-packages\Python311\site-packages\django\db\models\query.py", line 91, in __iter__
    results = compiler.execute_sql(
              ^^^^^^^^^^^^^^^^^^^^^
  File "C:\Users\jonae\AppData\Local\Packages\PythonSoftwareFoundation.Python.3.11_qbz5n2kfra8p0\LocalCache\local-packages\Python311\site-packages\django\db\models\sql\compiler.py", line 1560, in execute_sql
    cursor = self.connection.cursor()
             ^^^^^^^^^^^^^^^^^^^^^^^^
  File "C:\Users\jonae\AppData\Local\Packages\PythonSoftwareFoundation.Python.3.11_qbz5n2kfra8p0\LocalCache\local-packages\Python311\site-packages\django\utils\asyncio.py", line 26, in inner
    return func(*args, **kwargs)
           ^^^^^^^^^^^^^^^^^^^^^
  File "C:\Users\jonae\AppData\Local\Packages\PythonSoftwareFoundation.Python.3.11_qbz5n2kfra8p0\LocalCache\local-packages\Python311\site-packages\django\db\backends\base\base.py", line 329, in cursor
    return self._cursor()
           ^^^^^^^^^^^^^^
  File "C:\Users\jonae\AppData\Local\Packages\PythonSoftwareFoundation.Python.3.11_qbz5n2kfra8p0\LocalCache\local-packages\Python311\site-packages\django\db\backends\base\base.py", line 305, in _cursor
    self.ensure_connection()
  File "C:\Users\jonae\AppData\Local\Packages\PythonSoftwareFoundation.Python.3.11_qbz5n2kfra8p0\LocalCache\local-packages\Python311\site-packages\django\utils\asyncio.py", line 26, in inner
    return func(*args, **kwargs)
           ^^^^^^^^^^^^^^^^^^^^^
  File "C:\Users\jonae\AppData\Local\Packages\PythonSoftwareFoundation.Python.3.11_qbz5n2kfra8p0\LocalCache\local-packages\Python311\site-packages\django\db\backends\base\base.py", line 287, in ensure_connection
    with self.wrap_database_errors:
  File "C:\Users\jonae\AppData\Local\Packages\PythonSoftwareFoundation.Python.3.11_qbz5n2kfra8p0\LocalCache\local-packages\Python311\site-packages\django\db\utils.py", line 91, in __exit__
    raise dj_exc_value.with_traceback(traceback) from exc_value
  File "C:\Users\jonae\AppData\Local\Packages\PythonSoftwareFoundation.Python.3.11_qbz5n2kfra8p0\LocalCache\local-packages\Python311\site-packages\django\db\backends\base\base.py", line 288, in ensure_connection
    self.connect()
  File "C:\Users\jonae\AppData\Local\Packages\PythonSoftwareFoundation.Python.3.11_qbz5n2kfra8p0\LocalCache\local-packages\Python311\site-packages\django\utils\asyncio.py", line 26, in inner
    return func(*args, **kwargs)
           ^^^^^^^^^^^^^^^^^^^^^
  File "C:\Users\jonae\AppData\Local\Packages\PythonSoftwareFoundation.Python.3.11_qbz5n2kfra8p0\LocalCache\local-packages\Python311\site-packages\django\db\backends\base\base.py", line 269, in connect
    self.connection = self.get_new_connection(conn_params)
                      ^^^^^^^^^^^^^^^^^^^^^^^^^^^^^^^^^^^^
  File "C:\Users\jonae\AppData\Local\Packages\PythonSoftwareFoundation.Python.3.11_qbz5n2kfra8p0\LocalCache\local-packages\Python311\site-packages\django\utils\asyncio.py", line 26, in inner
    return func(*args, **kwargs)
           ^^^^^^^^^^^^^^^^^^^^^
  File "C:\Users\jonae\AppData\Local\Packages\PythonSoftwareFoundation.Python.3.11_qbz5n2kfra8p0\LocalCache\local-packages\Python311\site-packages\django\db\backends\postgresql\base.py", line 275, in get_new_connection
    connection = self.Database.connect(**conn_params)
                 ^^^^^^^^^^^^^^^^^^^^^^^^^^^^^^^^^^^^
  File "C:\Users\jonae\AppData\Local\Packages\PythonSoftwareFoundation.Python.3.11_qbz5n2kfra8p0\LocalCache\local-packages\Python311\site-packages\psycopg2\__init__.py", line 122, in connect
    conn = _connect(dsn, connection_factory=connection_factory, **kwasync)
           ^^^^^^^^^^^^^^^^^^^^^^^^^^^^^^^^^^^^^^^^^^^^^^^^^^^^^^^^^^^^^^^
django.db.utils.OperationalError: could not translate host name "nowhere-db.ctcywc28slty.us-east-2.rds.amazonaws.com" to address: Host desconocido. 

ERROR 2026-01-17 17:49:24 payment 7220 22580 Error al gestionar orden local: null value in column "carrito_id" of relation "store_orden" violates not-null constraint
DETAIL:  Failing row contains (6, 3000.00, pendiente_pago, conekta, 2026-01-13 03:33:01.169626+00, null, 16, null, ord_2zPNvGVa5vHtvUCHd).

